<?xml version="1.0" encoding="utf-8"?><testsuites name="pytest tests"><testsuite name="pytest" errors="0" failures="0" skipped="10" tests="1405" time="47.844" timestamp="2025-12-26T15:36:10.736805+00:00" hostname="runnervmh13bl"><properties>
[...]
</properties><testcase classname="tests.analytics.test_insight_architect" name="test_generate_insight_template_and_metrics" time="0.002" /><testcase classname="tests.analytics.test_insight_architect" name="test_generate_requests_clarifications_when_missing_levels" time="0.001" /><testcase classname="tests.core.test_federated" name="test_krum_uses_squared_distances_for_scoring" time="0.003" /><testcase classname="tests.core.test_federated" name="test_aggregate_rejects_inconsistent_gradient_shapes" time="0.002" /><testcase classname="tests.core.test_fractal_growth_engine.TestFractalConfig" name="test_default_config_valid" time="0.001" /><testcase classname="tests.core.test_fractal_growth_engine.TestFractalConfig" name="test_scale_max_ge_1_raises" time="0.001" /><testcase classname="tests.core.test_fractal_growth_engine.TestFractalConfig" name="test_negative_scale_raises" time="0.001" /><testcase classname="tests.core.test_fractal_growth_engine.TestFractalConfig" name="test_scale_order_violation_raises" time="0.001" /><testcase classname="tests.core.test_fractal_growth_engine.TestFractalConfig" name="test_low_num_points_raises" time="0.001" /><testcase classname="tests.core.test_fractal_growth_engine.TestFractalConfig" name="test_low_num_scales_raises" time="0.001" /><testcase classname="tests.core.test_fractal_growth_engine.TestIFSGeneration" name="test_basic_generation" time="0.002" /><testcase classname="tests.core.test_fractal_growth_engine.TestIFSGeneration" name="test_lyapunov_negative" time="0.008" /><testcase classname="tests.core.test_fractal_growth_engine.TestIFSGeneration" name="test_lyapunov_range" time="0.040" /><testcase classname="tests.core.test_fractal_growth_engine.TestIFSGeneration" name="test_points_bounded" time="0.008" /><testcase classname="tests.core.test_fractal_growth_engine.TestIFSGeneration" name="test_contraction_validation" time="0.002" /><testcase classname="tests.core.test_fractal_growth_engine.TestBoxCounting" name="test_basic_dimension" time="0.002" /><testcase classname="tests.core.test_fractal_growth_engine.TestBoxCounting" name="test_full_field_dimension" time="0.001" /><testcase classname="tests.core.test_fractal_growth_engine.TestBoxCounting" name="test_empty_field_dimension" time="0.001" /><testcase classname="tests.core.test_fractal_growth_engine.TestBoxCounting" name="test_invalid_min_box_override_raises" time="0.001" /><testcase classname="tests.core.test_fractal_growth_engine.TestBoxCounting" name="test_invalid_num_scales_override_raises" time="0.002" /><testcase classname="tests.core.test_fractal_growth_engine.TestBoxCounting" name="test_line_dimension" time="0.001" /><testcase classname="tests.core.test_fractal_growth_engine.TestBoxCounting" name="test_dimension_r_squared" time="0.001" /><testcase classname="tests.core.test_fractal_growth_engine.TestBoxCounting" name="test_dimension_r_squared_resets_when_insufficient_data" time="0.001" /><testcase classname="tests.core.test_fractal_growth_engine.TestBoxCounting" name="test_non_square_raises" time="0.001" /><testcase classname="tests.core.test_fractal_growth_engine.TestBoxCounting" name="test_non_2d_raises" time="0.001" /><testcase classname="tests.core.test_fractal_growth_engine.TestLyapunovFromHistory" name="test_stable_system" time="0.001" /><testcase classname="tests.core.test_fractal_growth_engine.TestLyapunovFromHistory" name="test_single_frame_returns_zero" time="0.001" /><testcase classname="tests.core.test_fractal_growth_engine.TestDimensionValidation" name="test_validate_dimension_general" time="0.001" /><testcase classname="tests.core.test_fractal_growth_engine.TestDimensionValidation" name="test_validate_dimension_biological" time="0.001" /><testcase classname="tests.core.test_fractal_growth_engine.TestDeterminism" name="test_same_seed_same_points" time="0.003" /><testcase classname="tests.core.test_fractal_growth_engine.TestDeterminism" name="test_same_seed_same_dimension" time="0.002" /><testcase classname="tests.core.test_fractal_growth_engine.TestStabilitySmoke" name="test_smoke_many_ifs_generations" time="0.048" /><testcase classname="tests.core.test_fractal_growth_engine.TestStabilitySmoke" name="test_smoke_dimension_various_patterns" time="0.002" /><testcase classname="tests.core.test_fractal_growth_engine.TestPerformance" name="test_ifs_performance" time="0.008" /><testcase classname="tests.core.test_fractal_growth_engine.TestPerformance" name="test_dimension_performance" time="0.001" /><testcase classname="tests.core.test_fractal_growth_engine.TestBiophysicalCalibration" name="test_num_points_outside_bounds_raises" time="0.001" /><testcase classname="tests.core.test_fractal_growth_engine.TestBiophysicalCalibration" name="test_num_transforms_outside_bounds_raises" time="0.001" /><testcase classname="tests.core.test_fractal_growth_engine.TestBiophysicalCalibration" name="test_translation_range_above_maximum_raises" time="0.001" /><testcase classname="tests.core.test_fractal_growth_engine.TestBiophysicalCalibration" name="test_num_scales_outside_bounds_raises" time="0.001" /><testcase classname="tests.core.test_fractal_growth_engine.TestBiophysicalCalibration" name="test_parameters_at_boundaries_valid" time="0.001" /><testcase classname="tests.core.test_fractal_growth_engine.TestInvariantsVerification" name="test_lyapunov_negative_invariant" time="0.080" /><testcase classname="tests.core.test_fractal_growth_engine.TestInvariantsVerification" name="test_contraction_requirement_invariant" time="0.002" /><testcase classname="tests.core.test_fractal_growth_engine.TestInvariantsVerification" name="test_dimension_bounds_invariant" time="0.002" /><testcase classname="tests.core.test_fractal_growth_engine.TestInvariantsVerification" name="test_biological_dimension_range" time="0.001" /><testcase classname="tests.core.test_fractal_growth_engine.TestInvariantsVerification" name="test_no_nan_inf_invariant" time="0.048" /><testcase classname="tests.core.test_membrane_engine.TestMembraneConfig" name="test_default_config_valid" time="0.001" /><testcase classname="tests.core.test_membrane_engine.TestMembraneConfig" name="test_negative_temperature_raises" time="0.001" /><testcase classname="tests.core.test_membrane_engine.TestMembraneConfig" name="test_negative_ion_clamp_raises" time="0.001" /><testcase classname="tests.core.test_membrane_engine.TestMembraneConfig" name="test_negative_dt_raises" time="0.001" /><testcase classname="tests.core.test_membrane_engine.TestMembraneConfig" name="test_invalid_potential_range_raises" time="0.001" /><testcase classname="tests.core.test_membrane_engine.TestNernstPotential" name="test_potassium_standard" time="0.001" /><testcase classname="tests.core.test_membrane_engine.TestNernstPotential" name="test_sodium_standard" time="0.001" /><testcase classname="tests.core.test_membrane_engine.TestNernstPotential" name="test_calcium_standard" time="0.001" /><testcase classname="tests.core.test_membrane_engine.TestNernstPotential" name="test_chloride_standard" time="0.001" /><testcase classname="tests.core.test_membrane_engine.TestNernstPotential" name="test_zero_valence_raises" time="0.001" /><testcase classname="tests.core.test_membrane_engine.TestNernstPotential" name="test_ion_clamping_prevents_nan" time="0.001" /><testcase classname="tests.core.test_membrane_engine.TestNernstPotential" name="test_equal_concentrations_zero" time="0.001" /><testcase classname="tests.core.test_membrane_engine.TestNernstPotential" name="test_sign_consistency" time="0.001" /><testcase classname="tests.core.test_membrane_engine.TestNernstPotentialArray" name="test_array_computation" time="0.001" /><testcase classname="tests.core.test_membrane_engine.TestODEIntegration" name="test_euler_stability" time="0.005" /><testcase classname="tests.core.test_membrane_engine.TestODEIntegration" name="test_rk4_stability" time="0.006" /><testcase classname="tests.core.test_membrane_engine.TestODEIntegration" name="test_clamping_during_integration" time="0.005" /><testcase classname="tests.core.test_membrane_engine.TestDeterminism" name="test_same_seed_same_result" time="0.001" /><testcase classname="tests.core.test_membrane_engine.TestStabilitySmoke" name="test_smoke_1000_nernst_calculations" time="0.021" /><testcase classname="tests.core.test_membrane_engine.TestStabilitySmoke" name="test_smoke_ode_integration_1000_steps" time="0.039" /><testcase classname="tests.core.test_membrane_engine.TestValidation" name="test_validate_potential_range_physiological" time="0.001" /><testcase classname="tests.core.test_membrane_engine.TestValidation" name="test_validate_potential_range_physical" time="0.001" /><testcase classname="tests.core.test_membrane_engine.TestBiophysicalCalibration" name="test_temperature_below_hypothermic_raises" time="0.001" /><testcase classname="tests.core.test_membrane_engine.TestBiophysicalCalibration" name="test_temperature_above_hyperthermic_raises" time="0.001" /><testcase classname="tests.core.test_membrane_engine.TestBiophysicalCalibration" name="test_temperature_at_boundary_valid" time="0.001" /><testcase classname="tests.core.test_membrane_engine.TestBiophysicalCalibration" name="test_time_step_too_small_raises" time="0.001" /><testcase classname="tests.core.test_membrane_engine.TestBiophysicalCalibration" name="test_time_step_too_large_raises" time="0.001" /><testcase classname="tests.core.test_membrane_engine.TestBiophysicalCalibration" name="test_time_step_at_boundary_valid" time="0.001" /><testcase classname="tests.core.test_membrane_engine.TestBiophysicalCalibration" name="test_potential_bounds_exceed_physical_raises" time="0.001" /><testcase classname="tests.core.test_membrane_engine.TestBiophysicalCalibration" name="test_invalid_ion_valence_raises" time="0.001" /><testcase classname="tests.core.test_membrane_engine.TestBiophysicalCalibration" name="test_all_valid_valences_work" time="0.001" /><testcase classname="tests.core.test_membrane_engine.TestInvariantsVerification" name="test_nernst_potential_within_bounds" time="0.001" /><testcase classname="tests.core.test_membrane_engine.TestInvariantsVerification" name="test_sign_consistency_invariant" time="0.001" /><testcase classname="tests.core.test_membrane_engine.TestInvariantsVerification" name="test_no_nan_inf_invariant" time="0.021" /><testcase classname="tests.core.test_membrane_engine.TestInvariantsVerification" name="test_reference_potassium_verification" time="0.001" /><testcase classname="tests.core.test_reaction_diffusion_engine.TestReactionDiffusionConfig" name="test_default_config_valid" time="0.001" /><testcase classname="tests.core.test_reaction_diffusion_engine.TestReactionDiffusionConfig" name="test_cfl_violation_raises" time="0.001" /><testcase classname="tests.core.test_reaction_diffusion_engine.TestReactionDiffusionConfig" name="test_cfl_limit_allowed" time="0.001" /><testcase classname="tests.core.test_reaction_diffusion_engine.TestReactionDiffusionConfig" name="test_negative_diffusion_raises" time="0.001" /><testcase classname="tests.core.test_reaction_diffusion_engine.TestReactionDiffusionConfig" name="test_invalid_threshold_raises" time="0.001" /><testcase classname="tests.core.test_reaction_diffusion_engine.TestReactionDiffusionConfig" name="test_invalid_probability_raises" time="0.001" /><testcase classname="tests.core.test_reaction_diffusion_engine.TestReactionDiffusionConfig" name="test_small_grid_raises" time="0.001" /><testcase classname="tests.core.test_reaction_diffusion_engine.TestSimulationInputValidation" name="test_steps_must_be_positive" time="0.002" /><testcase classname="tests.core.test_reaction_diffusion_engine.TestReactionDiffusionSimulation" name="test_basic_simulation" time="0.033" /><testcase classname="tests.core.test_reaction_diffusion_engine.TestReactionDiffusionSimulation" name="test_field_bounds_enforced" time="0.161" /><testcase classname="tests.core.test_reaction_diffusion_engine.TestReactionDiffusionSimulation" name="test_turing_affects_field" time="0.032" /><testcase classname="tests.core.test_reaction_diffusion_engine.TestReactionDiffusionSimulation" name="test_growth_events_recorded" time="0.032" /><testcase classname="tests.core.test_reaction_diffusion_engine.TestReactionDiffusionSimulation" name="test_no_growth_with_zero_probability" time="0.034" /><testcase classname="tests.core.test_reaction_diffusion_engine.TestReactionDiffusionSimulation" name="test_small_grid_deterministic_and_finite" time="0.004" /><testcase classname="tests.core.test_reaction_diffusion_engine.TestBoundaryConditions" name="test_periodic_boundary" time="0.015" /><testcase classname="tests.core.test_reaction_diffusion_engine.TestBoundaryConditions" name="test_neumann_boundary" time="0.008" /><testcase classname="tests.core.test_reaction_diffusion_engine.TestBoundaryConditions" name="test_dirichlet_boundary" time="0.056" /><testcase classname="tests.core.test_reaction_diffusion_engine.TestBoundaryConditions" name="test_dirichlet_laplacian_respects_zero_boundary" time="0.002" /><testcase classname="tests.core.test_reaction_diffusion_engine.TestQuantumJitter" name="test_jitter_affects_field" time="0.034" /><testcase classname="tests.core.test_reaction_diffusion_engine.TestDeterminism" name="test_same_seed_same_result" time="0.063" /><testcase classname="tests.core.test_reaction_diffusion_engine.TestDeterminism" name="test_different_seed_different_result" time="0.064" /><testcase classname="tests.core.test_reaction_diffusion_engine.TestStabilitySmoke" name="test_smoke_1000_steps" time="0.337" /><testcase classname="tests.core.test_reaction_diffusion_engine.TestStabilitySmoke" name="test_smoke_multiple_configurations" time="0.254" /><testcase classname="tests.core.test_reaction_diffusion_engine.TestHistoryCollection" name="test_history_shape" time="0.015" /><testcase classname="tests.core.test_reaction_diffusion_engine.TestHistoryCollection" name="test_history_finite" time="0.015" /><testcase classname="tests.core.test_reaction_diffusion_engine.TestCFLValidation" name="test_validate_cfl_condition_pass" time="0.001" /><testcase classname="tests.core.test_reaction_diffusion_engine.TestCFLValidation" name="test_validate_cfl_condition_edge" time="0.001" /><testcase classname="tests.core.test_reaction_diffusion_engine.TestPerformance" name="test_small_grid_performance" time="0.032" /><testcase classname="tests.core.test_reaction_diffusion_engine.TestPerformance" name="test_medium_grid_performance" time="0.038" /><testcase classname="tests.core.test_reaction_diffusion_engine.TestBiophysicalCalibration" name="test_diffusion_below_minimum_raises" time="0.002" /><testcase classname="tests.core.test_reaction_diffusion_engine.TestBiophysicalCalibration" name="test_reaction_rate_outside_bounds_raises" time="0.002" /><testcase classname="tests.core.test_reaction_diffusion_engine.TestBiophysicalCalibration" name="test_turing_threshold_outside_bounds_raises" time="0.001" /><testcase classname="tests.core.test_reaction_diffusion_engine.TestBiophysicalCalibration" name="test_jitter_variance_above_maximum_raises" time="0.001" /><testcase classname="tests.core.test_reaction_diffusion_engine.TestBiophysicalCalibration" name="test_grid_size_outside_bounds_raises" time="0.001" /><testcase classname="tests.core.test_reaction_diffusion_engine.TestBiophysicalCalibration" name="test_parameters_at_boundaries_valid" time="0.001" /><testcase classname="tests.core.test_reaction_diffusion_engine.TestInvariantsVerification" name="test_field_bounds_invariant" time="0.171" /><testcase classname="tests.core.test_reaction_diffusion_engine.TestInvariantsVerification" name="test_no_nan_inf_invariant" time="0.336" /><testcase classname="tests.core.test_reaction_diffusion_engine.TestInvariantsVerification" name="test_activator_inhibitor_bounds_invariant" time="0.154" /><testcase classname="tests.core.test_reaction_diffusion_engine.TestInvariantsVerification" name="test_cfl_stability_invariant" time="0.001" /><testcase classname="tests.core.test_reaction_diffusion_engine.TestInvariantsVerification" name="test_growth_events_expected_rate" time="0.032" /><testcase classname="tests.core.test_stability.TestIsStable" name="test_is_stable_negative_lyapunov" time="0.001" /><testcase classname="tests.core.test_stability.TestIsStable" name="test_is_stable_positive_lyapunov" time="0.001" /><testcase classname="tests.core.test_stability.TestIsStable" name="test_is_stable_zero_lyapunov" time="0.001" /><testcase classname="tests.core.test_stability.TestIsStable" name="test_is_stable_custom_threshold" time="0.001" /><testcase classname="tests.core.test_stability.TestIsStable" name="test_is_stable_negative_threshold" time="0.001" /><testcase classname="tests.core.test_stability.TestComputeStabilityMetrics" name="test_compute_stability_metrics_returns_all_keys" time="0.003" /><testcase classname="tests.core.test_stability.TestComputeStabilityMetrics" name="test_compute_stability_metrics_stable_dynamics" time="0.003" /><testcase classname="tests.core.test_stability.TestComputeStabilityMetrics" name="test_compute_stability_metrics_change_rates" time="0.001" /><testcase classname="tests.core.test_stability.TestComputeStabilityMetrics" name="test_compute_stability_metrics_with_dt" time="0.001" /><testcase classname="tests.core.test_stability.TestComputeStabilityMetrics" name="test_compute_stability_metrics_short_history" time="0.001" /><testcase classname="tests.core.test_stability.TestComputeStabilityMetrics" name="test_compute_stability_metrics_two_timesteps" time="0.001" /><testcase classname="tests.core.test_stability.TestComputeStabilityMetrics" name="test_compute_stability_metrics_constant_field" time="0.001" /><testcase classname="tests.core.test_stability.TestComputeStabilityMetrics" name="test_compute_stability_metrics_is_stable_flag" time="0.001" /><testcase classname="tests.core.test_stability.TestComputeStabilityMetrics" name="test_compute_stability_metrics_no_nan_inf" time="0.005" /><testcase classname="tests.core.test_stability.TestComputeStabilityMetrics" name="test_compute_stability_metrics_invalid_dt[0.0]" time="0.002" /><testcase classname="tests.core.test_stability.TestComputeStabilityMetrics" name="test_compute_stability_metrics_invalid_dt[-1.0]" time="0.001" /><testcase classname="tests.core.test_stability.TestLyapunovExponentEdgeCases" name="test_lyapunov_empty_history" time="0.001" /><testcase classname="tests.core.test_stability.TestLyapunovExponentEdgeCases" name="test_lyapunov_with_nan_in_history" time="0.001" /><testcase classname="tests.core.test_stability.TestLyapunovExponentEdgeCases" name="test_lyapunov_large_field" time="0.020" /><testcase classname="tests.core.test_stability.TestLyapunovExponentEdgeCases" name="test_lyapunov_small_dt" time="0.001" /><testcase classname="tests.core.test_stability.TestStabilityIntegration" name="test_stable_simulation_metrics" time="0.003" /><testcase classname="tests.core.test_stability.TestStabilityIntegration" name="test_mfn_expected_lyapunov_range" time="0.009" /><testcase classname="tests.core.test_stdp_edge_cases.TestSTDPValidationEdgeCases" name="test_stdp_boundary_tau_minimum" time="0.001" /><testcase classname="tests.core.test_stdp_edge_cases.TestSTDPValidationEdgeCases" name="test_stdp_boundary_tau_maximum" time="0.001" /><testcase classname="tests.core.test_stdp_edge_cases.TestSTDPValidationEdgeCases" name="test_stdp_boundary_amplitude_minimum" time="0.001" /><testcase classname="tests.core.test_stdp_edge_cases.TestSTDPValidationEdgeCases" name="test_stdp_boundary_amplitude_maximum" time="0.001" /><testcase classname="tests.core.test_stdp_edge_cases.TestSTDPValidationEdgeCases" name="test_stdp_tau_just_below_minimum" time="0.001" /><testcase classname="tests.core.test_stdp_edge_cases.TestSTDPValidationEdgeCases" name="test_stdp_tau_just_above_maximum" time="0.001" /><testcase classname="tests.core.test_stdp_edge_cases.TestSTDPValidationEdgeCases" name="test_stdp_amplitude_just_below_minimum" time="0.001" /><testcase classname="tests.core.test_stdp_edge_cases.TestSTDPValidationEdgeCases" name="test_stdp_amplitude_just_above_maximum" time="0.001" /><testcase classname="tests.core.test_stdp_edge_cases.TestSTDPValidationEdgeCases" name="test_stdp_asymmetric_tau_values" time="0.001" /><testcase classname="tests.core.test_stdp_edge_cases.TestSTDPValidationEdgeCases" name="test_stdp_asymmetric_amplitude_values" time="0.001" /><testcase classname="tests.core.test_stdp_edge_cases.TestSTDPWeightUpdateEdgeCases" name="test_stdp_multiple_pre_single_post" time="0.001" /><testcase classname="tests.core.test_stdp_edge_cases.TestSTDPWeightUpdateEdgeCases" name="test_stdp_single_pre_multiple_post" time="0.001" /><testcase classname="tests.core.test_stdp_edge_cases.TestSTDPWeightUpdateEdgeCases" name="test_stdp_large_batch" time="0.002" /><testcase classname="tests.core.test_stdp_edge_cases.TestSTDPWeightUpdateEdgeCases" name="test_stdp_very_small_time_difference" time="0.001" /><testcase classname="tests.core.test_stdp_edge_cases.TestSTDPWeightUpdateEdgeCases" name="test_stdp_very_large_time_difference" time="0.001" /><testcase classname="tests.core.test_stdp_edge_cases.TestSTDPWeightUpdateEdgeCases" name="test_stdp_negative_spike_times" time="0.001" /><testcase classname="tests.core.test_stdp_edge_cases.TestSTDPWeightUpdateEdgeCases" name="test_stdp_all_pre_before_post" time="0.001" /><testcase classname="tests.core.test_stdp_edge_cases.TestSTDPWeightUpdateEdgeCases" name="test_stdp_all_pre_after_post" time="0.001" /><testcase classname="tests.core.test_stdp_edge_cases.TestSTDPWeightUpdateEdgeCases" name="test_stdp_mixed_ltp_ltd" time="0.001" /><testcase classname="tests.core.test_stdp_edge_cases.TestSTDPNumericalStabilityEdgeCases" name="test_stdp_exp_clamp_prevents_overflow" time="0.001" /><testcase classname="tests.core.test_stdp_edge_cases.TestSTDPNumericalStabilityEdgeCases" name="test_stdp_zero_weights_input" time="0.001" /><testcase classname="tests.core.test_stdp_edge_cases.TestSTDPNumericalStabilityEdgeCases" name="test_stdp_preserves_dtype" time="0.001" /><testcase classname="tests.core.test_stdp_edge_cases.TestSTDPNumericalStabilityEdgeCases" name="test_stdp_double_precision" time="0.001" /><testcase classname="tests.core.test_stdp_edge_cases.TestSTDPForwardPassthrough" name="test_stdp_forward_preserves_grad" time="0.001" /><testcase classname="tests.core.test_stdp_edge_cases.TestSTDPForwardPassthrough" name="test_stdp_forward_different_shapes" time="0.001" /><testcase classname="tests.core.test_stdp_edge_cases.TestSTDPForwardPassthrough" name="test_stdp_is_nn_module" time="0.001" /><testcase classname="tests.core.test_stdp_edge_cases.TestSTDPBiophysicalConstraints" name="test_stdp_bi_poo_parameters" time="0.001" /><testcase classname="tests.core.test_stdp_edge_cases.TestSTDPBiophysicalConstraints" name="test_stdp_asymmetry_prevents_runaway_ltp" time="0.001" /><testcase classname="tests.core.test_stdp_edge_cases.TestSTDPBiophysicalConstraints" name="test_stdp_time_constant_physiological" time="0.001" /><testcase classname="tests.crypto.test_key_exchange.TestGenerateECDHKeypair" name="test_generate_keypair_sizes" time="0.003" /><testcase classname="tests.crypto.test_key_exchange.TestGenerateECDHKeypair" name="test_generate_keypair_unique" time="0.016" /><testcase classname="tests.crypto.test_key_exchange.TestGenerateECDHKeypair" name="test_keypair_types" time="0.002" /><testcase classname="tests.crypto.test_key_exchange.TestGenerateECDHKeypair" name="test_keypair_validation" time="0.003" /><testcase classname="tests.crypto.test_key_exchange.TestECDHKeyExchange" name="test_shared_secret_agreement" time="0.007" /><testcase classname="tests.crypto.test_key_exchange.TestECDHKeyExchange" name="test_shared_secret_size" time="0.005" /><testcase classname="tests.crypto.test_key_exchange.TestECDHKeyExchange" name="test_shared_secret_different_pairs" time="0.008" /><testcase classname="tests.crypto.test_key_exchange.TestECDHKeyExchange" name="test_accepts_keypair_object" time="0.005" /><testcase classname="tests.crypto.test_key_exchange.TestECDHKeyExchange" name="test_invalid_public_key_size" time="0.004" /><testcase classname="tests.crypto.test_key_exchange.TestECDHKeyExchange" name="test_existing_keypair" time="0.002" /><testcase classname="tests.crypto.test_key_exchange.TestDeriveSymmetricKey" name="test_derive_key_size" time="0.001" /><testcase classname="tests.crypto.test_key_exchange.TestDeriveSymmetricKey" name="test_derive_key_deterministic" time="0.001" /><testcase classname="tests.crypto.test_key_exchange.TestDeriveSymmetricKey" name="test_derive_key_context_separation" time="0.001" /><testcase classname="tests.crypto.test_key_exchange.TestDeriveSymmetricKey" name="test_derive_key_secret_separation" time="0.001" /><testcase classname="tests.crypto.test_key_exchange.TestECDHDeriveKey" name="test_derive_key_agreement" time="0.007" /><testcase classname="tests.crypto.test_key_exchange.TestECDHDeriveKey" name="test_derive_key_different_contexts" time="0.007" /><testcase classname="tests.crypto.test_key_exchange.TestECDHDeriveKey" name="test_derive_key_custom_length" time="0.007" /><testcase classname="tests.crypto.test_key_exchange.TestSecurityProperties" name="test_private_key_not_in_public" time="0.016" /><testcase classname="tests.crypto.test_key_exchange.TestSecurityProperties" name="test_deterministic_public_key" time="0.007" /><testcase classname="tests.crypto.test_key_exchange.TestSecurityProperties" name="test_non_commutative_with_wrong_keys" time="0.008" /><testcase classname="tests.crypto.test_signatures.TestGenerateSignatureKeypair" name="test_generate_keypair_sizes" time="0.004" /><testcase classname="tests.crypto.test_signatures.TestGenerateSignatureKeypair" name="test_generate_keypair_unique" time="0.028" /><testcase classname="tests.crypto.test_signatures.TestGenerateSignatureKeypair" name="test_keypair_types" time="0.003" /><testcase classname="tests.crypto.test_signatures.TestGenerateSignatureKeypair" name="test_keypair_validation" time="0.001" /><testcase classname="tests.crypto.test_signatures.TestSignMessage" name="test_sign_message_bytes" time="0.008" /><testcase classname="tests.crypto.test_signatures.TestSignMessage" name="test_sign_message_string" time="0.008" /><testcase classname="tests.crypto.test_signatures.TestSignMessage" name="test_sign_message_unicode" time="0.009" /><testcase classname="tests.crypto.test_signatures.TestSignMessage" name="test_sign_empty_message" time="0.008" /><testcase classname="tests.crypto.test_signatures.TestSignMessage" name="test_sign_large_message" time="0.009" /><testcase classname="tests.crypto.test_signatures.TestSignMessage" name="test_sign_deterministic" time="0.014" /><testcase classname="tests.crypto.test_signatures.TestSignMessage" name="test_sign_different_messages" time="0.014" /><testcase classname="tests.crypto.test_signatures.TestSignMessage" name="test_sign_different_keys" time="0.016" /><testcase classname="tests.crypto.test_signatures.TestSignMessage" name="test_sign_invalid_key_size" time="0.001" /><testcase classname="tests.crypto.test_signatures.TestVerifySignature" name="test_verify_valid_signature" time="0.014" /><testcase classname="tests.crypto.test_signatures.TestVerifySignature" name="test_verify_string_message" time="0.015" /><testcase classname="tests.crypto.test_signatures.TestVerifySignature" name="test_verify_unicode_message" time="0.015" /><testcase classname="tests.crypto.test_signatures.TestVerifySignature" name="test_verify_empty_message" time="0.015" /><testcase classname="tests.crypto.test_signatures.TestVerifySignature" name="test_reject_wrong_message" time="0.014" /><testcase classname="tests.crypto.test_signatures.TestVerifySignature" name="test_reject_wrong_public_key" time="0.017" /><testcase classname="tests.crypto.test_signatures.TestVerifySignature" name="test_reject_tampered_signature" time="0.015" /><testcase classname="tests.crypto.test_signatures.TestVerifySignature" name="test_reject_invalid_signature_size" time="0.003" /><testcase classname="tests.crypto.test_signatures.TestVerifySignature" name="test_reject_invalid_public_key_size" time="0.009" /><testcase classname="tests.crypto.test_signatures.TestEdDSASignature" name="test_auto_generate_keypair" time="0.004" /><testcase classname="tests.crypto.test_signatures.TestEdDSASignature" name="test_use_provided_keypair" time="0.003" /><testcase classname="tests.crypto.test_signatures.TestEdDSASignature" name="test_sign_and_verify" time="0.014" /><testcase classname="tests.crypto.test_signatures.TestEdDSASignature" name="test_verify_with_explicit_key" time="0.023" /><testcase classname="tests.crypto.test_signatures.TestEdDSASignature" name="test_cross_instance_verification" time="0.014" /><testcase classname="tests.crypto.test_signatures.TestSecurityProperties" name="test_signature_non_malleability" time="0.030" /><testcase classname="tests.crypto.test_signatures.TestSecurityProperties" name="test_no_signature_reuse" time="0.025" /><testcase classname="tests.crypto.test_signatures.TestSecurityProperties" name="test_public_key_independence" time="0.040" /><testcase classname="tests.crypto.test_signatures.TestSecurityProperties" name="test_signature_components_independent" time="0.015" /><testcase classname="tests.crypto.test_symmetric.TestGenerateAESKey" name="test_generate_key_default_size" time="0.001" /><testcase classname="tests.crypto.test_symmetric.TestGenerateAESKey" name="test_generate_key_various_sizes" time="0.001" /><testcase classname="tests.crypto.test_symmetric.TestGenerateAESKey" name="test_generate_key_unique" time="0.001" /><testcase classname="tests.crypto.test_symmetric.TestGenerateAESKey" name="test_generate_key_invalid_size" time="0.001" /><testcase classname="tests.crypto.test_symmetric.TestGenerateAESKey" name="test_generate_key_bytes" time="0.001" /><testcase classname="tests.crypto.test_symmetric.TestEncryptAESGCM" name="test_encrypt_bytes" time="0.002" /><testcase classname="tests.crypto.test_symmetric.TestEncryptAESGCM" name="test_encrypt_string" time="0.001" /><testcase classname="tests.crypto.test_symmetric.TestEncryptAESGCM" name="test_encrypt_unicode" time="0.001" /><testcase classname="tests.crypto.test_symmetric.TestEncryptAESGCM" name="test_encrypt_empty" time="0.001" /><testcase classname="tests.crypto.test_symmetric.TestEncryptAESGCM" name="test_encrypt_large_data" time="0.001" /><testcase classname="tests.crypto.test_symmetric.TestEncryptAESGCM" name="test_encrypt_different_outputs" time="0.001" /><testcase classname="tests.crypto.test_symmetric.TestEncryptAESGCM" name="test_encrypt_invalid_key_size" time="0.001" /><testcase classname="tests.crypto.test_symmetric.TestDecryptAESGCM" name="test_decrypt_bytes" time="0.001" /><testcase classname="tests.crypto.test_symmetric.TestDecryptAESGCM" name="test_decrypt_string" time="0.001" /><testcase classname="tests.crypto.test_symmetric.TestDecryptAESGCM" name="test_decrypt_unicode" time="0.001" /><testcase classname="tests.crypto.test_symmetric.TestDecryptAESGCM" name="test_decrypt_empty" time="0.001" /><testcase classname="tests.crypto.test_symmetric.TestDecryptAESGCM" name="test_decrypt_wrong_key" time="0.001" /><testcase classname="tests.crypto.test_symmetric.TestDecryptAESGCM" name="test_decrypt_tampered_data" time="0.001" /><testcase classname="tests.crypto.test_symmetric.TestDecryptAESGCM" name="test_decrypt_truncated_data" time="0.001" /><testcase classname="tests.crypto.test_symmetric.TestDecryptAESGCM" name="test_decrypt_invalid_key_size" time="0.001" /><testcase classname="tests.crypto.test_symmetric.TestAssociatedData" name="test_encrypt_with_aad" time="0.001" /><testcase classname="tests.crypto.test_symmetric.TestAssociatedData" name="test_decrypt_wrong_aad_fails" time="0.001" /><testcase classname="tests.crypto.test_symmetric.TestAssociatedData" name="test_decrypt_missing_aad_fails" time="0.001" /><testcase classname="tests.crypto.test_symmetric.TestAESGCMCipher" name="test_cipher_auto_key" time="0.001" /><testcase classname="tests.crypto.test_symmetric.TestAESGCMCipher" name="test_cipher_custom_key" time="0.001" /><testcase classname="tests.crypto.test_symmetric.TestAESGCMCipher" name="test_cipher_invalid_key" time="0.001" /><testcase classname="tests.crypto.test_symmetric.TestAESGCMCipher" name="test_cipher_encrypt_decrypt" time="0.001" /><testcase classname="tests.crypto.test_symmetric.TestAESGCMCipher" name="test_cipher_cross_instance" time="0.001" /><testcase classname="tests.crypto.test_symmetric.TestAESGCMCipher" name="test_cipher_with_aad" time="0.001" /><testcase classname="tests.crypto.test_symmetric.TestAESGCMCipher" name="test_cipher_aad_wrong_context_fails" time="0.001" /><testcase classname="tests.crypto.test_symmetric.TestKeyDerivation" name="test_pbkdf2_derive_key" time="0.062" /><testcase classname="tests.crypto.test_symmetric.TestKeyDerivation" name="test_pbkdf2_different_salts" time="0.062" /><testcase classname="tests.crypto.test_symmetric.TestKeyDerivation" name="test_pbkdf2_different_passwords" time="0.062" /><testcase classname="tests.crypto.test_symmetric.TestKeyDerivation" name="test_pbkdf2_custom_iterations" time="0.010" /><testcase classname="tests.crypto.test_symmetric.TestKeyDerivation" name="test_scrypt_derive_key" time="0.069" /><testcase classname="tests.crypto.test_symmetric.TestKeyDerivation" name="test_scrypt_different_salts" time="0.065" /><testcase classname="tests.crypto.test_symmetric.TestKeyDerivation" name="test_scrypt_different_passwords" time="0.068" /><testcase classname="tests.crypto.test_symmetric.TestSecurityProperties" name="test_ciphertext_indistinguishable" time="0.001" /><testcase classname="tests.crypto.test_symmetric.TestSecurityProperties" name="test_nonce_uniqueness" time="0.001" /><testcase classname="tests.crypto.test_symmetric.TestSecurityProperties" name="test_tag_verification" time="0.001" /><testcase classname="tests.crypto.test_symmetric.TestSecurityProperties" name="test_nonce_tampering" time="0.001" /><testcase classname="tests.crypto.test_symmetric.TestConstants" name="test_aes_key_size" time="0.001" /><testcase classname="tests.crypto.test_symmetric.TestConstants" name="test_gcm_nonce_size" time="0.001" /><testcase classname="tests.crypto.test_symmetric.TestConstants" name="test_gcm_tag_size" time="0.001" /><testcase classname="tests.e2e.test_mfn_end_to_end.TestFullPipelineDemo" name="test_full_pipeline_demo" time="0.145" /><testcase classname="tests.e2e.test_mfn_end_to_end.TestPipelineWithDifferentConfigs" name="test_simulation_with_default_config" time="0.038" /><testcase classname="tests.e2e.test_mfn_end_to_end.TestPipelineWithDifferentConfigs" name="test_simulation_deterministic_with_seed" time="0.025" /><testcase classname="tests.e2e.test_mfn_end_to_end.TestPipelineWithDifferentConfigs" name="test_feature_extraction_deterministic" time="0.018" /><testcase classname="tests.e2e.test_mfn_end_to_end.TestConfigValidation" name="test_valid_configs_pass_validation" time="0.001" /><testcase classname="tests.e2e.test_mfn_end_to_end.TestConfigValidation" name="test_invalid_config_raises_error" time="0.001" /><testcase classname="tests.e2e.test_mfn_end_to_end.TestConfigValidation" name="test_feature_config_validation" time="0.001" /><testcase classname="tests.e2e.test_mfn_end_to_end.TestConfigValidation" name="test_dataset_config_validation" time="0.001" /><testcase classname="tests.e2e.test_mfn_end_to_end.TestPipelineEdgeCases" name="test_minimal_simulation" time="0.002" /><testcase classname="tests.e2e.test_mfn_end_to_end.TestPipelineEdgeCases" name="test_simulation_without_turing" time="0.004" /><testcase classname="tests.e2e.test_mfn_end_to_end.TestPipelineEdgeCases" name="test_simulation_with_quantum_jitter" time="0.008" /><testcase classname="tests.e2e.test_mfn_end_to_end.TestPipelineMetadata" name="test_simulation_result_metadata" time="0.011" /><testcase classname="tests.e2e.test_mfn_end_to_end.TestPipelineMetadata" name="test_dataset_stats_complete" time="0.030" /><testcase classname="tests.examples.test_finance_regime_detection_example.TestFinanceRegimeDetectionExample" name="test_run_finance_demo_returns_analysis" time="0.037" /><testcase classname="tests.examples.test_finance_regime_detection_example.TestFinanceRegimeDetectionExample" name="test_run_finance_demo_no_exceptions" time="0.036" /><testcase classname="tests.examples.test_finance_regime_detection_example.TestFinanceRegimeDetectionExample" name="test_regime_classification_valid" time="0.036" /><testcase classname="tests.examples.test_finance_regime_detection_example.TestFinanceRegimeDetectionExample" name="test_analysis_features_valid_ranges" time="0.036" /><testcase classname="tests.examples.test_finance_regime_detection_example.TestFinanceRegimeDetectionExample" name="test_analysis_to_dict" time="0.036" /><testcase classname="tests.examples.test_finance_regime_detection_example.TestFinanceRegimeDetectionExample" name="test_run_finance_demo_with_denoise_flag" time="0.039" /><testcase classname="tests.examples.test_finance_regime_detection_example.TestFinanceDataGeneration" name="test_generate_synthetic_market_data" time="0.002" /><testcase classname="tests.examples.test_finance_regime_detection_example.TestFinanceDataGeneration" name="test_map_returns_to_field" time="0.002" /><testcase classname="tests.examples.test_finance_regime_detection_example.TestFinanceRegimeClassification" name="test_classify_regime_high_complexity" time="0.002" /><testcase classname="tests.examples.test_finance_regime_detection_example.TestFinanceRegimeClassification" name="test_classify_regime_low_complexity" time="0.002" /><testcase classname="tests.examples.test_finance_regime_detection_example.TestFinanceRegimeClassification" name="test_classify_regime_normal" time="0.002" /><testcase classname="tests.examples.test_finance_regime_detection_example.TestFinanceRegimeClassification" name="test_main_function_exists" time="0.002" /><testcase classname="tests.examples.test_rl_exploration_example.TestRLExplorationExample" name="test_run_rl_demo_returns_stats" time="0.039" /><testcase classname="tests.examples.test_rl_exploration_example.TestRLExplorationExample" name="test_run_rl_demo_no_exceptions" time="0.035" /><testcase classname="tests.examples.test_rl_exploration_example.TestRLExplorationExample" name="test_exploration_stats_valid_ranges" time="0.039" /><testcase classname="tests.examples.test_rl_exploration_example.TestGridWorldEnvironment" name="test_gridworld_initialization" time="0.003" /><testcase classname="tests.examples.test_rl_exploration_example.TestGridWorldEnvironment" name="test_gridworld_reset" time="0.003" /><testcase classname="tests.examples.test_rl_exploration_example.TestGridWorldEnvironment" name="test_gridworld_step_boundaries" time="0.003" /><testcase classname="tests.examples.test_rl_exploration_example.TestGridWorldEnvironment" name="test_gridworld_goal_reward" time="0.003" /><testcase classname="tests.examples.test_rl_exploration_example.TestGridWorldEnvironment" name="test_gridworld_coverage" time="0.003" /><testcase classname="tests.examples.test_rl_exploration_example.TestMFNExplorer" name="test_explorer_initialization" time="0.003" /><testcase classname="tests.examples.test_rl_exploration_example.TestMFNExplorer" name="test_exploration_bonus_decreases" time="0.004" /><testcase classname="tests.examples.test_rl_exploration_example.TestMFNExplorer" name="test_coverage_fractal_dim_computation" time="0.003" /><testcase classname="tests.examples.test_rl_exploration_example.TestMFNExplorer" name="test_epsilon_modulation" time="0.003" /><testcase classname="tests.examples.test_rl_exploration_example.TestMFNExplorer" name="test_stdp_reward_modulation" time="0.003" /><testcase classname="tests.examples.test_rl_exploration_example.TestMFNExplorer" name="test_main_function_exists" time="0.003" /><testcase classname="tests.examples.test_simple_simulation_example.TestSimpleSimulationExample" name="test_run_demo_returns_features" time="0.015" /><testcase classname="tests.examples.test_simple_simulation_example.TestSimpleSimulationExample" name="test_run_demo_no_exceptions" time="0.015" /><testcase classname="tests.examples.test_simple_simulation_example.TestSimpleSimulationExample" name="test_feature_ranges_valid" time="0.015" /><testcase classname="tests.examples.test_simple_simulation_example.TestSimpleSimulationExample" name="test_feature_array_length" time="0.015" /><testcase classname="tests.examples.test_simple_simulation_example.TestSimpleSimulationExample" name="test_main_function_exists" time="0.001" /><testcase classname="tests.examples.test_simple_simulation_example.TestSimpleSimulationIntegration" name="test_nernst_potential_calculation" time="0.001" /><testcase classname="tests.examples.test_simple_simulation_example.TestSimpleSimulationIntegration" name="test_simulation_config_demo" time="0.001" /><testcase classname="tests.examples.test_simple_simulation_example.TestSimpleSimulationIntegration" name="test_feature_config_demo" time="0.001" /><testcase classname="tests.integration.test_api_auth.TestAuthenticationMiddleware" name="test_health_endpoint_is_public" time="0.014" /><testcase classname="tests.integration.test_api_auth.TestAuthenticationMiddleware" name="test_metrics_endpoint_is_public" time="0.008" /><testcase classname="tests.integration.test_api_auth.TestAuthenticationMiddleware" name="test_protected_endpoint_without_key_returns_401" time="0.007" /><testcase classname="tests.integration.test_api_auth.TestAuthenticationMiddleware" name="test_protected_endpoint_with_invalid_key_returns_401" time="0.006" /><testcase classname="tests.integration.test_api_auth.TestAuthenticationMiddleware" name="test_protected_endpoint_with_valid_key_returns_200" time="0.009" /><testcase classname="tests.integration.test_api_auth.TestAuthenticationMiddleware" name="test_all_protected_endpoints_require_auth" time="0.018" /><testcase classname="tests.integration.test_api_auth.TestAuthenticationMiddleware" name="test_dev_mode_allows_requests_without_key" time="0.007" /><testcase classname="tests.integration.test_api_auth.TestAuthConfig" name="test_auth_config_from_env_dev" time="0.001" /><testcase classname="tests.integration.test_api_auth.TestAuthConfig" name="test_auth_config_from_env_prod" time="0.002" /><testcase classname="tests.integration.test_api_auth.TestAuthConfig" name="test_auth_config_multiple_keys" time="0.002" /><testcase classname="tests.integration.test_api_auth.TestAuthConfig" name="test_public_endpoints_list" time="0.001" /><testcase classname="tests.integration.test_api_logging.TestRequestID" name="test_response_includes_request_id_header" time="0.007" /><testcase classname="tests.integration.test_api_logging.TestRequestID" name="test_request_id_format" time="0.007" /><testcase classname="tests.integration.test_api_logging.TestRequestID" name="test_provided_request_id_is_preserved" time="0.007" /><testcase classname="tests.integration.test_api_logging.TestRequestID" name="test_request_context_cleared_on_exception" time="0.004" /><testcase classname="tests.integration.test_api_logging.TestRequestID" name="test_different_requests_get_different_ids" time="0.011" /><testcase classname="tests.integration.test_api_logging.TestRequestIDContext" name="test_set_and_get_request_id" time="0.001" /><testcase classname="tests.integration.test_api_logging.TestRequestIDContext" name="test_request_id_defaults_to_none" time="0.001" /><testcase classname="tests.integration.test_api_logging.TestJSONFormatter" name="test_json_formatter_output" time="0.001" /><testcase classname="tests.integration.test_api_logging.TestJSONFormatter" name="test_json_formatter_includes_level" time="0.001" /><testcase classname="tests.integration.test_api_logging.TestJSONFormatter" name="test_json_formatter_includes_request_id" time="0.001" /><testcase classname="tests.integration.test_api_logging.TestRequestLoggingMiddleware" name="test_auth_failures_are_logged" time="0.039" /><testcase classname="tests.integration.test_api_logging.TestRequestLoggingMiddleware" name="test_json_formatter_handles_exception" time="0.001" /><testcase classname="tests.integration.test_api_logging.TestTextFormatter" name="test_text_formatter_output" time="0.001" /><testcase classname="tests.integration.test_api_logging.TestTextFormatter" name="test_text_formatter_includes_request_id" time="0.001" /><testcase classname="tests.integration.test_api_logging.TestLoggingSetup" name="test_setup_logging_json_format" time="0.003" /><testcase classname="tests.integration.test_api_logging.TestLoggingSetup" name="test_setup_logging_text_format" time="0.003" /><testcase classname="tests.integration.test_api_logging.TestLoggingConfig" name="test_logging_config_defaults_dev" time="0.001" /><testcase classname="tests.integration.test_api_logging.TestLoggingConfig" name="test_logging_config_defaults_prod" time="0.001" /><testcase classname="tests.integration.test_api_logging.TestLoggingConfig" name="test_logging_level_from_env" time="0.002" /><testcase classname="tests.integration.test_api_logging.TestLoggingConfig" name="test_logging_format_from_env" time="0.002" /><testcase classname="tests.integration.test_api_logging.TestRequestLogging" name="test_requests_are_logged" time="0.008" /><testcase classname="tests.integration.test_api_logging.TestRequestLogging" name="test_error_requests_logged_at_error_level" time="0.009" /><testcase classname="tests.integration.test_api_metrics.TestMetricsEndpoint" name="test_metrics_endpoint_returns_200" time="0.010" /><testcase classname="tests.integration.test_api_metrics.TestMetricsEndpoint" name="test_metrics_endpoint_returns_404_when_disabled" time="0.007" /><testcase classname="tests.integration.test_api_metrics.TestMetricsEndpoint" name="test_metrics_content_type" time="0.009" /><testcase classname="tests.integration.test_api_metrics.TestMetricsEndpoint" name="test_metrics_format" time="0.010" /><testcase classname="tests.integration.test_api_metrics.TestMetricsEndpoint" name="test_metrics_contain_request_counter" time="0.018" /><testcase classname="tests.integration.test_api_metrics.TestMetricsEndpoint" name="test_metrics_contain_latency_histogram" time="0.014" /><testcase classname="tests.integration.test_api_metrics.TestMetricsEndpoint" name="test_metrics_labels" time="0.020" /><testcase classname="tests.integration.test_api_metrics.TestMetricsCollection" name="test_metrics_increment_on_request" time="0.014" /><testcase classname="tests.integration.test_api_metrics.TestMetricsCollection" name="test_metrics_record_different_endpoints" time="0.020" /><testcase classname="tests.integration.test_api_metrics.TestMetricsCollection" name="test_metrics_record_different_methods" time="0.019" /><testcase classname="tests.integration.test_api_metrics.TestMetricsCollection" name="test_metrics_record_status_codes" time="0.020" /><testcase classname="tests.integration.test_api_metrics.TestMetricsConfig" name="test_metrics_enabled_by_default" time="0.001" /><testcase classname="tests.integration.test_api_metrics.TestMetricsConfig" name="test_metrics_can_be_disabled" time="0.002" /><testcase classname="tests.integration.test_api_metrics.TestMetricsConfig" name="test_metrics_can_be_removed_from_public_endpoints" time="0.002" /><testcase classname="tests.integration.test_api_metrics.TestMetricsConfig" name="test_metrics_endpoint_is_normalized" time="0.002" /><testcase classname="tests.integration.test_api_metrics.TestMetricsConfig" name="test_prometheus_availability_check" time="0.001" /><testcase classname="tests.integration.test_api_metrics.TestMetricsMiddleware" name="test_middleware_does_not_break_requests" time="0.007" /><testcase classname="tests.integration.test_api_metrics.TestMetricsMiddleware" name="test_middleware_handles_errors" time="0.015" /><testcase classname="tests.integration.test_api_metrics.TestMetricsMiddleware" name="test_in_progress_requests_gauge" time="0.009" /><testcase classname="tests.integration.test_api_metrics.TestMetricsCustomEndpoint" name="test_custom_metrics_endpoint_served" time="0.010" /><testcase classname="tests.integration.test_api_metrics.TestMetricsCustomEndpoint" name="test_default_metrics_path_not_available" time="0.007" /><testcase classname="tests.integration.test_api_rate_limit.TestTokenBucket" name="test_initial_tokens" time="0.001" /><testcase classname="tests.integration.test_api_rate_limit.TestTokenBucket" name="test_consume_success" time="0.001" /><testcase classname="tests.integration.test_api_rate_limit.TestTokenBucket" name="test_consume_failure" time="0.001" /><testcase classname="tests.integration.test_api_rate_limit.TestTokenBucket" name="test_token_refill" time="0.001" /><testcase classname="tests.integration.test_api_rate_limit.TestTokenBucket" name="test_max_tokens_cap" time="0.001" /><testcase classname="tests.integration.test_api_rate_limit.TestTokenBucket" name="test_time_until_available" time="0.001" /><testcase classname="tests.integration.test_api_rate_limit.TestRateLimiter" name="test_rate_limiter_allows_requests" time="0.001" /><testcase classname="tests.integration.test_api_rate_limit.TestRateLimiter" name="test_rate_limiter_blocks_excess_requests" time="0.001" /><testcase classname="tests.integration.test_api_rate_limit.TestRateLimiter" name="test_rate_limiter_handles_non_positive_limits[0-60]" time="0.001" /><testcase classname="tests.integration.test_api_rate_limit.TestRateLimiter" name="test_rate_limiter_handles_non_positive_limits[10-0]" time="0.001" /><testcase classname="tests.integration.test_api_rate_limit.TestRateLimiter" name="test_update_config_handles_zero_window" time="0.001" /><testcase classname="tests.integration.test_api_rate_limit.TestRateLimiter" name="test_rate_limiter_cleanup" time="0.001" /><testcase classname="tests.integration.test_api_rate_limit.TestRateLimitMiddleware" name="test_rate_limit_headers_present_when_enabled" time="0.001" /><testcase classname="tests.integration.test_api_rate_limit.TestRateLimitMiddleware" name="test_rate_limit_config_in_staging" time="0.002" /><testcase classname="tests.integration.test_api_rate_limit.TestRateLimitMiddleware" name="test_rate_limit_exceeded_behavior" time="0.001" /><testcase classname="tests.integration.test_api_rate_limit.TestRateLimitMiddleware" name="test_429_response_includes_retry_after" time="0.001" /><testcase classname="tests.integration.test_api_rate_limit.TestRateLimitMiddleware" name="test_429_response_body_format" time="0.001" /><testcase classname="tests.integration.test_api_rate_limit.TestRateLimitMiddleware" name="test_middleware_refreshes_dynamic_config" time="0.001" /><testcase classname="tests.integration.test_api_rate_limit.TestRateLimitMiddleware" name="test_disabled_rate_limiting_in_dev" time="0.086" /><testcase classname="tests.integration.test_api_rate_limit.TestRateLimitConfig" name="test_rate_limit_config_defaults" time="0.002" /><testcase classname="tests.integration.test_api_rate_limit.TestRateLimitConfig" name="test_rate_limit_disabled_in_dev" time="0.001" /><testcase classname="tests.integration.test_api_rate_limit.TestRateLimitConfig" name="test_rate_limit_config_from_env" time="0.002" /><testcase classname="tests.integration.test_api_rate_limit.TestRateLimitConfig" name="test_per_endpoint_limits" time="0.001" /><testcase classname="tests.integration.test_api_rate_limit.TestRateLimitConfig" name="test_metrics_endpoint_limit_is_customizable" time="0.002" /><testcase classname="tests.integration.test_api_safety" name="test_health_ok" time="0.005" /><testcase classname="tests.integration.test_api_safety" name="test_validate_rejects_invalid_payload" time="0.007" /><testcase classname="tests.integration.test_connectors.TestConnectorConfig" name="test_default_config" time="0.001" /><testcase classname="tests.integration.test_connectors.TestConnectorConfig" name="test_custom_config" time="0.001" /><testcase classname="tests.integration.test_connectors.TestRESTConnector" name="test_connect_disconnect" time="0.000"><skipped type="pytest.skip" message="aiohttp is not installed">/home/runner/work/mycelium-fractal-net/mycelium-fractal-net/tests/integration/test_connectors.py:70: aiohttp is not installed</skipped></testcase><testcase classname="tests.integration.test_connectors.TestRESTConnector" name="test_fetch_success" time="0.000"><skipped type="pytest.skip" message="aiohttp is not installed">/home/runner/work/mycelium-fractal-net/mycelium-fractal-net/tests/integration/test_connectors.py:88: aiohttp is not installed</skipped></testcase><testcase classname="tests.integration.test_connectors.TestRESTConnector" name="test_fetch_with_retry" time="0.000"><skipped type="pytest.skip" message="aiohttp is not installed">/home/runner/work/mycelium-fractal-net/mycelium-fractal-net/tests/integration/test_connectors.py:116: aiohttp is not installed</skipped></testcase><testcase classname="tests.integration.test_connectors.TestRESTConnector" name="test_disabled_connector" time="0.000"><skipped type="pytest.skip" message="aiohttp is not installed">/home/runner/work/mycelium-fractal-net/mycelium-fractal-net/tests/integration/test_connectors.py:159: aiohttp is not installed</skipped></testcase><testcase classname="tests.integration.test_connectors.TestFileConnector" name="test_connect_valid_directory" time="0.004" /><testcase classname="tests.integration.test_connectors.TestFileConnector" name="test_connect_invalid_directory" time="0.001" /><testcase classname="tests.integration.test_connectors.TestFileConnector" name="test_fetch_json_file" time="0.003" /><testcase classname="tests.integration.test_connectors.TestFileConnector" name="test_fetch_no_files" time="0.002" /><testcase classname="tests.integration.test_connectors.TestFileConnector" name="test_auto_delete" time="0.002" /><testcase classname="tests.integration.test_connectors.TestRetryLogic" name="test_exponential_backoff" time="0.001" /><testcase classname="tests.integration.test_connectors.TestRetryLogic" name="test_linear_backoff" time="0.001" /><testcase classname="tests.integration.test_connectors.TestRetryLogic" name="test_fixed_delay" time="0.001" /><testcase classname="tests.integration.test_connectors.TestRetryLogic" name="test_no_retry" time="0.001" /><testcase classname="tests.integration.test_connectors.TestConnectorMetrics" name="test_metrics_tracking" time="0.003" /><testcase classname="tests.integration.test_connectors.TestConnectorMetrics" name="test_error_metrics" time="0.000"><skipped type="pytest.skip" message="aiohttp is not installed">/home/runner/work/mycelium-fractal-net/mycelium-fractal-net/tests/integration/test_connectors.py:359: aiohttp is not installed</skipped></testcase><testcase classname="tests.integration.test_critical_pipelines.TestPipeline1SimulationToResult" name="test_complete_pipeline_flow" time="0.008" /><testcase classname="tests.integration.test_critical_pipelines.TestPipeline1SimulationToResult" name="test_pipeline_with_history" time="0.008" /><testcase classname="tests.integration.test_critical_pipelines.TestPipeline1SimulationToResult" name="test_pipeline_determinism" time="0.007" /><testcase classname="tests.integration.test_critical_pipelines.TestPipeline2ResultToFeatures" name="test_complete_pipeline_flow" time="0.014" /><testcase classname="tests.integration.test_critical_pipelines.TestPipeline2ResultToFeatures" name="test_feature_extraction_from_single_field" time="0.009" /><testcase classname="tests.integration.test_critical_pipelines.TestPipeline2ResultToFeatures" name="test_feature_ranges_match_spec" time="0.029" /><testcase classname="tests.integration.test_critical_pipelines.TestPipeline3DatasetGeneration" name="test_complete_pipeline_flow" time="0.028" /><testcase classname="tests.integration.test_critical_pipelines.TestPipeline3DatasetGeneration" name="test_dataset_schema_compliance" time="0.028" /><testcase classname="tests.integration.test_critical_pipelines.TestPipeline3DatasetGeneration" name="test_dataset_reproducibility" time="0.042" /><testcase classname="tests.integration.test_critical_pipelines.TestEndToEndPipeline" name="test_full_workflow" time="0.014" /><testcase classname="tests.integration.test_critical_pipelines.TestEndToEndPipeline" name="test_workflow_with_multiple_configs" time="0.036" /><testcase classname="tests.integration.test_critical_pipelines.TestAPIEndpoints" name="test_api_module_imports" time="0.001" /><testcase classname="tests.integration.test_critical_pipelines.TestAPIEndpoints" name="test_api_models_valid" time="0.001" /><testcase classname="tests.integration.test_critical_pipelines.TestCLIWorkflow" name="test_cli_module_imports" time="0.001" /><testcase classname="tests.integration.test_critical_pipelines.TestCLIWorkflow" name="test_validation_config_from_args" time="0.001" /><testcase classname="tests.integration.test_crypto_api.TestEncryptEndpoint" name="test_encrypt_basic" time="0.010" /><testcase classname="tests.integration.test_crypto_api.TestEncryptEndpoint" name="test_encrypt_with_aad" time="0.010" /><testcase classname="tests.integration.test_crypto_api.TestEncryptEndpoint" name="test_encrypt_invalid_base64" time="0.009" /><testcase classname="tests.integration.test_crypto_api.TestEncryptEndpoint" name="test_encrypt_empty_plaintext_rejected" time="0.009" /><testcase classname="tests.integration.test_crypto_api.TestEncryptEndpoint" name="test_encrypt_when_disabled" time="0.008" /><testcase classname="tests.integration.test_crypto_api.TestDecryptEndpoint" name="test_decrypt_basic" time="0.015" /><testcase classname="tests.integration.test_crypto_api.TestDecryptEndpoint" name="test_decrypt_with_aad" time="0.015" /><testcase classname="tests.integration.test_crypto_api.TestDecryptEndpoint" name="test_decrypt_wrong_aad_fails" time="0.014" /><testcase classname="tests.integration.test_crypto_api.TestDecryptEndpoint" name="test_decrypt_invalid_ciphertext" time="0.015" /><testcase classname="tests.integration.test_crypto_api.TestSignEndpoint" name="test_sign_basic" time="0.017" /><testcase classname="tests.integration.test_crypto_api.TestSignEndpoint" name="test_sign_with_key_id" time="0.027" /><testcase classname="tests.integration.test_crypto_api.TestVerifyEndpoint" name="test_verify_valid_signature" time="0.031" /><testcase classname="tests.integration.test_crypto_api.TestVerifyEndpoint" name="test_verify_invalid_signature" time="0.032" /><testcase classname="tests.integration.test_crypto_api.TestVerifyEndpoint" name="test_verify_with_public_key" time="0.038" /><testcase classname="tests.integration.test_crypto_api.TestKeypairEndpoint" name="test_generate_ed25519_keypair" time="0.011" /><testcase classname="tests.integration.test_crypto_api.TestKeypairEndpoint" name="test_generate_ecdh_keypair" time="0.010" /><testcase classname="tests.integration.test_crypto_api.TestKeypairEndpoint" name="test_generate_with_custom_key_id" time="0.012" /><testcase classname="tests.integration.test_crypto_api.TestKeypairEndpoint" name="test_generate_invalid_algorithm" time="0.009" /><testcase classname="tests.integration.test_crypto_api.TestCryptoToggle" name="test_all_endpoints_disabled" time="0.032" /><testcase classname="tests.integration.test_data_integrations.TestIntegrationCount" name="test_total_count" time="0.001" /><testcase classname="tests.integration.test_data_integrations.TestIntegrationCount" name="test_category_counts" time="0.001" /><testcase classname="tests.integration.test_data_integrations.TestIntegrationCategory" name="test_all_categories_defined" time="0.001" /><testcase classname="tests.integration.test_data_integrations.TestCoreIterationIntegrations" name="test_integration_count" time="0.001" /><testcase classname="tests.integration.test_data_integrations.TestCoreIterationIntegrations" name="test_integration_ids" time="0.001" /><testcase classname="tests.integration.test_data_integrations.TestCoreIterationIntegrations" name="test_base_iteration_factor" time="0.001" /><testcase classname="tests.integration.test_data_integrations.TestKeyDerivationIntegrations" name="test_integration_count" time="0.001" /><testcase classname="tests.integration.test_data_integrations.TestKeyDerivationIntegrations" name="test_integration_ids" time="0.001" /><testcase classname="tests.integration.test_data_integrations.TestKeyDerivationIntegrations" name="test_kdf_algorithm" time="0.001" /><testcase classname="tests.integration.test_data_integrations.TestEncryptionOptimizationIntegrations" name="test_integration_count" time="0.001" /><testcase classname="tests.integration.test_data_integrations.TestEncryptionOptimizationIntegrations" name="test_integration_ids" time="0.001" /><testcase classname="tests.integration.test_data_integrations.TestHashFunctionIntegrations" name="test_integration_count" time="0.001" /><testcase classname="tests.integration.test_data_integrations.TestHashFunctionIntegrations" name="test_integration_ids" time="0.001" /><testcase classname="tests.integration.test_data_integrations.TestSaltGenerationIntegrations" name="test_integration_count" time="0.001" /><testcase classname="tests.integration.test_data_integrations.TestSaltGenerationIntegrations" name="test_integration_ids" time="0.001" /><testcase classname="tests.integration.test_data_integrations.TestMemoryOptimizationIntegrations" name="test_integration_count" time="0.001" /><testcase classname="tests.integration.test_data_integrations.TestMemoryOptimizationIntegrations" name="test_integration_ids" time="0.001" /><testcase classname="tests.integration.test_data_integrations.TestParallelizationIntegrations" name="test_integration_count" time="0.001" /><testcase classname="tests.integration.test_data_integrations.TestParallelizationIntegrations" name="test_integration_ids" time="0.001" /><testcase classname="tests.integration.test_data_integrations.TestValidationAuditIntegrations" name="test_integration_count" time="0.001" /><testcase classname="tests.integration.test_data_integrations.TestValidationAuditIntegrations" name="test_integration_ids" time="0.001" /><testcase classname="tests.integration.test_data_integrations.TestDataIntegration" name="test_creation" time="0.001" /><testcase classname="tests.integration.test_data_integrations.TestDataIntegration" name="test_to_dict" time="0.001" /><testcase classname="tests.integration.test_data_integrations.TestDataIntegrationConfig" name="test_loads_all_integrations" time="0.002" /><testcase classname="tests.integration.test_data_integrations.TestDataIntegrationConfig" name="test_get_integration" time="0.001" /><testcase classname="tests.integration.test_data_integrations.TestDataIntegrationConfig" name="test_get_integration_invalid_id" time="0.002" /><testcase classname="tests.integration.test_data_integrations.TestDataIntegrationConfig" name="test_get_integrations_by_category" time="0.001" /><testcase classname="tests.integration.test_data_integrations.TestDataIntegrationConfig" name="test_get_enabled_integrations" time="0.001" /><testcase classname="tests.integration.test_data_integrations.TestDataIntegrationConfig" name="test_disable_integration" time="0.001" /><testcase classname="tests.integration.test_data_integrations.TestDataIntegrationConfig" name="test_enable_integration" time="0.001" /><testcase classname="tests.integration.test_data_integrations.TestDataIntegrationConfig" name="test_update_value" time="0.002" /><testcase classname="tests.integration.test_data_integrations.TestDataIntegrationConfig" name="test_change_history" time="0.001" /><testcase classname="tests.integration.test_data_integrations.TestDataIntegrationConfig" name="test_to_dict" time="0.002" /><testcase classname="tests.integration.test_data_integrations.TestDataIntegrationConfig" name="test_optimization_summary" time="0.002" /><testcase classname="tests.integration.test_data_integrations.TestGetIntegration" name="test_get_first_integration" time="0.001" /><testcase classname="tests.integration.test_data_integrations.TestGetIntegration" name="test_get_last_integration" time="0.001" /><testcase classname="tests.integration.test_data_integrations.TestListAllIntegrations" name="test_returns_77_integrations" time="0.001" /><testcase classname="tests.integration.test_data_integrations.TestListAllIntegrations" name="test_integrations_ordered" time="0.001" /><testcase classname="tests.integration.test_data_integrations.TestGetIntegrationCategories" name="test_returns_8_categories" time="0.001" /><testcase classname="tests.integration.test_data_integrations.TestGetIntegrationCategories" name="test_category_ranges" time="0.001" /><testcase classname="tests.integration.test_data_integrations.TestGlobalConfig" name="test_singleton" time="0.001" /><testcase classname="tests.integration.test_data_integrations.TestGlobalConfig" name="test_reset" time="0.002" /><testcase classname="tests.integration.test_error_handlers" name="test_create_error_response_includes_core_fields" time="0.001" /><testcase classname="tests.integration.test_error_handlers" name="test_register_error_handlers_registers_expected_handlers" time="0.005" /><testcase classname="tests.integration.test_error_handlers" name="test_error_handlers_apply_standard_error_schema[/items-422-VALIDATION_ERROR-Validation failed: 1 error(s)]" time="0.006" /><testcase classname="tests.integration.test_error_handlers" name="test_error_handlers_apply_standard_error_schema[/value-error-400-INVALID_REQUEST-invalid state]" time="0.007" /><testcase classname="tests.integration.test_error_handlers" name="test_error_handlers_apply_standard_error_schema[/runtime-error-500-INTERNAL_ERROR-An internal error occurred. Please try again later.]" time="0.010" /><testcase classname="tests.integration.test_error_handlers" name="test_validation_exception_handler_includes_details" time="0.005" /><testcase classname="tests.integration.test_error_handlers" name="test_pydantic_validation_exception_handler_handles_model_errors" time="0.006" /><testcase classname="tests.integration.test_error_handlers" name="test_value_error_handler_prefers_internal_error_for_wrong_type" time="0.009" /><testcase classname="tests.integration.test_imports" name="test_package_import" time="0.001" /><testcase classname="tests.integration.test_imports" name="test_package_version" time="0.001" /><testcase classname="tests.integration.test_imports" name="test_public_api_functions" time="0.001" /><testcase classname="tests.integration.test_imports" name="test_public_api_classes" time="0.001" /><testcase classname="tests.integration.test_imports" name="test_core_engines_import" time="0.001" /><testcase classname="tests.integration.test_imports" name="test_exceptions_import" time="0.001" /><testcase classname="tests.integration.test_imports" name="test_physical_constants_import" time="0.001" /><testcase classname="tests.integration.test_imports" name="test_all_exports" time="0.001" /><testcase classname="tests.integration.test_publishers.TestPublisherConfig" name="test_default_config" time="0.001" /><testcase classname="tests.integration.test_publishers.TestPublisherConfig" name="test_custom_config" time="0.001" /><testcase classname="tests.integration.test_publishers.TestFilePublisher" name="test_connect_creates_directory" time="0.002" /><testcase classname="tests.integration.test_publishers.TestFilePublisher" name="test_publish_json_file" time="0.003" /><testcase classname="tests.integration.test_publishers.TestFilePublisher" name="test_publish_multiple_files" time="0.007" /><testcase classname="tests.integration.test_publishers.TestFilePublisher" name="test_append_mode" time="0.003" /><testcase classname="tests.integration.test_publishers.TestFilePublisher" name="test_disabled_publisher" time="0.003" /><testcase classname="tests.integration.test_publishers.TestPublisherMetrics" name="test_metrics_tracking" time="0.009" /><testcase classname="tests.integration.test_publishers.TestPublisherMetrics" name="test_metrics_to_dict" time="0.002" /><testcase classname="tests.integration.test_websocket_streaming.TestWebSocketStreamFeatures" name="test_stream_features_basic_flow" time="0.000"><skipped type="pytest.skip" message="Streaming tests timeout with TestClient - require async test setup">/home/runner/work/mycelium-fractal-net/mycelium-fractal-net/tests/integration/test_websocket_streaming.py:83: Streaming tests timeout with TestClient - require async test setup</skipped></testcase><testcase classname="tests.integration.test_websocket_streaming.TestWebSocketStreamFeatures" name="test_stream_features_authentication_required" time="0.010" /><testcase classname="tests.integration.test_websocket_streaming.TestWebSocketStreamFeatures" name="test_stream_features_with_valid_auth" time="0.017" /><testcase classname="tests.integration.test_websocket_streaming.TestWebSocketStreamFeatures" name="test_stream_features_connection_flow" time="0.009" /><testcase classname="tests.integration.test_websocket_streaming.TestWebSocketSimulationLive" name="test_simulation_live_basic_flow" time="0.000"><skipped type="pytest.skip" message="Streaming tests timeout with TestClient - require async test setup">/home/runner/work/mycelium-fractal-net/mycelium-fractal-net/tests/integration/test_websocket_streaming.py:268: Streaming tests timeout with TestClient - require async test setup</skipped></testcase><testcase classname="tests.integration.test_websocket_streaming.TestWebSocketSimulationLive" name="test_simulation_live_connection_flow" time="0.010" /><testcase classname="tests.integration.test_websocket_streaming.TestWebSocketHeartbeat" name="test_pong_message_handling" time="0.008" /><testcase classname="tests.integration.test_websocket_streaming.TestWebSocketErrorHandling" name="test_connection_lifecycle" time="0.008" /><testcase classname="tests.integration.test_websocket_streaming.TestWebSocketErrorHandling" name="test_expired_timestamp_auth" time="0.007" /><testcase classname="tests.integration.test_websocket_streaming.TestWebSocketConnectionManager" name="test_connection_manager_stats" time="0.002" /><testcase classname="tests.integration.test_websocket_streaming.TestWebSocketConnectionManager" name="test_backpressure_strategies" time="0.001" /><testcase classname="tests.integration.test_websocket_streaming.TestWebSocketConnectionManager" name="test_authenticate_missing_api_key" time="0.003" /><testcase classname="tests.integration.test_websocket_streaming.TestWebSocketConnectionManager" name="test_optional_authentication_with_missing_key" time="0.003" /><testcase classname="tests.integration.test_websocket_streaming.TestWebSocketConnectionManager" name="test_optional_authentication_with_non_string_key" time="0.003" /><testcase classname="tests.integration.test_websocket_streaming.TestWebSocketConnectionManager" name="test_authenticate_with_invalid_timestamp" time="0.003" /><testcase classname="tests.integration.test_ws_adapters_unit" name="test_compute_fractal_dimension_handles_empty_field" time="0.001" /><testcase classname="tests.integration.test_ws_adapters_unit" name="test_compute_fractal_dimension_returns_finite_value_for_sparse_activity" time="0.001" /><testcase classname="tests.mfn_analytics.test_fractal_features.TestComputeBasicStatsShapeAndValues" name="test_constant_field_stats" time="0.001" /><testcase classname="tests.mfn_analytics.test_fractal_features.TestComputeBasicStatsShapeAndValues" name="test_linear_gradient_field_stats" time="0.001" /><testcase classname="tests.mfn_analytics.test_fractal_features.TestComputeBasicStatsShapeAndValues" name="test_output_in_millivolts" time="0.001" /><testcase classname="tests.mfn_analytics.test_fractal_features.TestComputeBoxCountingDimensionMonotonicity" name="test_filled_rectangle_dimension" time="0.001" /><testcase classname="tests.mfn_analytics.test_fractal_features.TestComputeBoxCountingDimensionMonotonicity" name="test_random_noise_dimension" time="0.001" /><testcase classname="tests.mfn_analytics.test_fractal_features.TestComputeBoxCountingDimensionMonotonicity" name="test_complexity_affects_dimension" time="0.002" /><testcase classname="tests.mfn_analytics.test_fractal_features.TestComputeBoxCountingDimensionMonotonicity" name="test_non_square_raises" time="0.001" /><testcase classname="tests.mfn_analytics.test_fractal_features.TestComputeBoxCountingDimensionMonotonicity" name="test_1d_array_raises" time="0.001" /><testcase classname="tests.mfn_analytics.test_fractal_features.TestComputeFractalFeaturesIntegration" name="test_feature_vector_contains_all_keys" time="0.004" /><testcase classname="tests.mfn_analytics.test_fractal_features.TestComputeFractalFeaturesIntegration" name="test_no_nan_values" time="0.003" /><testcase classname="tests.mfn_analytics.test_fractal_features.TestComputeFractalFeaturesIntegration" name="test_no_inf_values" time="0.003" /><testcase classname="tests.mfn_analytics.test_fractal_features.TestComputeFractalFeaturesIntegration" name="test_dimension_in_expected_range" time="0.004" /><testcase classname="tests.mfn_analytics.test_fractal_features.TestComputeFractalFeaturesIntegration" name="test_r2_in_valid_range" time="0.004" /><testcase classname="tests.mfn_analytics.test_fractal_features.TestComputeFractalFeaturesIntegration" name="test_active_fraction_in_valid_range" time="0.003" /><testcase classname="tests.mfn_analytics.test_fractal_features.TestComputeFractalFeaturesIntegration" name="test_temporal_features_with_history" time="0.005" /><testcase classname="tests.mfn_analytics.test_fractal_features.TestComputeFractalFeaturesIntegration" name="test_does_not_modify_input" time="0.004" /><testcase classname="tests.mfn_analytics.test_fractal_features.TestComputeFractalFeaturesIntegration" name="test_invalid_input_type_raises" time="0.001" /><testcase classname="tests.mfn_analytics.test_fractal_features.TestFeatureVectorMethods" name="test_to_array_shape" time="0.001" /><testcase classname="tests.mfn_analytics.test_fractal_features.TestFeatureVectorMethods" name="test_feature_names" time="0.001" /><testcase classname="tests.mfn_analytics.test_fractal_features.TestFeatureVectorMethods" name="test_contains_and_getitem" time="0.001" /><testcase classname="tests.mfn_analytics.test_fractal_features.TestDeterminism" name="test_same_input_same_output" time="0.007" /><testcase classname="tests.numerics.test_numerics_stability.TestMembraneStability" name="test_membrane_potential_stable_range" time="0.002" /><testcase classname="tests.numerics.test_numerics_stability.TestMembraneStability" name="test_membrane_ode_integration_no_nan" time="0.012" /><testcase classname="tests.numerics.test_numerics_stability.TestMembraneStability" name="test_membrane_clamping_prevents_overflow" time="0.005" /><testcase classname="tests.numerics.test_numerics_stability.TestReactionDiffusionStability" name="test_reaction_diffusion_stability_small_grid" time="0.030" /><testcase classname="tests.numerics.test_numerics_stability.TestReactionDiffusionStability" name="test_reaction_diffusion_cfl_validation" time="0.001" /><testcase classname="tests.numerics.test_numerics_stability.TestReactionDiffusionStability" name="test_activator_inhibitor_bounded" time="0.030" /><testcase classname="tests.numerics.test_numerics_stability.TestReactionDiffusionStability" name="test_different_boundary_conditions" time="0.110" /><testcase classname="tests.numerics.test_numerics_stability.TestNumericsModuleStability" name="test_laplacian_no_nan" time="0.001" /><testcase classname="tests.numerics.test_numerics_stability.TestNumericsModuleStability" name="test_diffusion_update_stable" time="0.001" /><testcase classname="tests.numerics.test_numerics_stability.TestNumericsModuleStability" name="test_diffusion_update_cfl_violation_raises" time="0.001" /><testcase classname="tests.numerics.test_numerics_stability.TestNumericsModuleStability" name="test_activator_inhibitor_update_stable" time="0.014" /><testcase classname="tests.numerics.test_numerics_stability.TestNumericsModuleStability" name="test_full_simulation_step_stable" time="0.048" /><testcase classname="tests.numerics.test_numerics_stability.TestReproducibility" name="test_reproducibility_fixed_seed" time="0.030" /><testcase classname="tests.numerics.test_numerics_stability.TestReproducibility" name="test_reproducibility_different_seeds" time="0.030" /><testcase classname="tests.numerics.test_numerics_stability.TestReproducibility" name="test_membrane_reproducibility" time="0.001" /><testcase classname="tests.numerics.test_numerics_stability.TestReproducibility" name="test_fractal_reproducibility" time="0.003" /><testcase classname="tests.numerics.test_numerics_stability.TestFieldStatistics" name="test_compute_field_statistics" time="0.001" /><testcase classname="tests.numerics.test_numerics_stability.TestFieldStatistics" name="test_validate_field_stability_pass" time="0.001" /><testcase classname="tests.numerics.test_numerics_stability.TestFieldStatistics" name="test_validate_field_stability_nan" time="0.001" /><testcase classname="tests.numerics.test_numerics_stability.TestFieldStatistics" name="test_validate_field_stability_inf" time="0.001" /><testcase classname="tests.numerics.test_numerics_stability.TestLongRunStability" name="test_extended_simulation_stability[200-16]" time="0.059" /><testcase classname="tests.numerics.test_numerics_stability.TestLongRunStability" name="test_extended_simulation_stability[200-32]" time="0.063" /><testcase classname="tests.numerics.test_numerics_stability.TestLongRunStability" name="test_extended_simulation_stability[500-16]" time="0.142" /><testcase classname="tests.numerics.test_numerics_stability.TestLongRunStability" name="test_extended_simulation_stability[500-32]" time="0.155" /><testcase classname="tests.numerics.test_numerics_stability.TestLongRunStability" name="test_quantum_jitter_stability" time="0.064" /><testcase classname="tests.numerics.test_numerics_stability.TestFractalStability" name="test_ifs_stability" time="0.002" /><testcase classname="tests.numerics.test_numerics_stability.TestFractalStability" name="test_box_counting_stability" time="0.001" /><testcase classname="tests.perf.test_mfn_performance.TestSimulationDemoPerf" name="test_simulation_demo_perf" time="0.063" /><testcase classname="tests.perf.test_mfn_performance.TestSimulationDefaultPerf" name="test_simulation_default_perf" time="0.150" /><testcase classname="tests.perf.test_mfn_performance.TestFeaturesDemoPerf" name="test_features_demo_perf" time="0.029" /><testcase classname="tests.perf.test_mfn_performance.TestDatasetDemoPerf" name="test_dataset_demo_perf" time="0.086" /><testcase classname="tests.perf.test_mfn_performance.TestPerformanceSmoke" name="test_simulation_completes_in_reasonable_time" time="0.011" /><testcase classname="tests.perf.test_mfn_performance.TestPerformanceSmoke" name="test_features_completes_in_reasonable_time" time="0.014" /><testcase classname="tests.perf.test_mfn_performance.TestBenchmarks" name="test_benchmark_simulation_scaling" time="0.000"><skipped type="pytest.skip" message="Benchmark tests are for manual profiling only">/home/runner/work/mycelium-fractal-net/mycelium-fractal-net/tests/perf/test_mfn_performance.py:249: Benchmark tests are for manual profiling only</skipped></testcase><testcase classname="tests.perf.test_stress_scalability.TestLargeGridScalability" name="test_large_grid_128x128_completes" time="0.691" /><testcase classname="tests.perf.test_stress_scalability.TestLargeGridScalability" name="test_xlarge_grid_256x256_completes" time="0.500" /><testcase classname="tests.perf.test_stress_scalability.TestLargeGridScalability" name="test_grid_scaling_subquadratic" time="0.749" />
[...]
lidation" name="test_sparse_attention_rejects_invalid_num_heads" time="0.001" /><testcase classname="tests.test_sparse_attention.TestSparseAttentionMathematicalProperties" name="test_sparse_attention_output_shape" time="0.001" /><testcase classname="tests.test_sparse_attention.TestSparseAttentionMathematicalProperties" name="test_sparse_attention_scaling_factor" time="0.001" /><testcase classname="tests.test_sparse_attention.TestSparseAttentionMathematicalProperties" name="test_sparse_attention_topk_selection" time="0.001" /><testcase classname="tests.test_sparse_attention.TestSparseAttentionMathematicalProperties" name="test_sparse_attention_handles_short_sequence" time="0.001" /><testcase classname="tests.test_sparse_attention.TestSparseAttentionNumericalStability" name="test_sparse_attention_no_nan" time="0.001" /><testcase classname="tests.test_sparse_attention.TestSparseAttentionNumericalStability" name="test_sparse_attention_no_inf" time="0.001" /><testcase classname="tests.test_sparse_attention.TestSparseAttentionNumericalStability" name="test_sparse_attention_gradient_flow" time="0.002" /><testcase classname="tests.test_sparse_attention.TestSparseAttentionNumericalStability" name="test_sparse_attention_deterministic" time="0.003" /><testcase classname="tests.test_sparse_attention.TestSparseAttentionNumericalStability" name="test_sparse_attention_large_embed_dim" time="0.006" /><testcase classname="tests.test_stdp.TestSTDPParameterValidation" name="test_stdp_parameters_match_spec" time="0.001" /><testcase classname="tests.test_stdp.TestSTDPParameterValidation" name="test_stdp_parameters_in_biophysical_range" time="0.001" /><testcase classname="tests.test_stdp.TestSTDPParameterValidation" name="test_stdp_asymmetry_ratio" time="0.001" /><testcase classname="tests.test_stdp.TestSTDPParameterValidation" name="test_stdp_rejects_tau_below_min" time="0.002" /><testcase classname="tests.test_stdp.TestSTDPParameterValidation" name="test_stdp_rejects_tau_above_max" time="0.001" /><testcase classname="tests.test_stdp.TestSTDPParameterValidation" name="test_stdp_rejects_amplitude_below_min" time="0.001" /><testcase classname="tests.test_stdp.TestSTDPParameterValidation" name="test_stdp_rejects_amplitude_above_max" time="0.001" /><testcase classname="tests.test_stdp.TestSTDPMathematicalProperties" name="test_stdp_ltp_when_pre_before_post" time="0.001" /><testcase classname="tests.test_stdp.TestSTDPMathematicalProperties" name="test_stdp_ltd_when_post_before_pre" time="0.001" /><testcase classname="tests.test_stdp.TestSTDPMathematicalProperties" name="test_stdp_exponential_decay" time="0.001" /><testcase classname="tests.test_stdp.TestSTDPMathematicalProperties" name="test_stdp_exact_ltp_formula" time="0.001" /><testcase classname="tests.test_stdp.TestSTDPMathematicalProperties" name="test_stdp_exact_ltd_formula" time="0.001" /><testcase classname="tests.test_stdp.TestSTDPMathematicalProperties" name="test_stdp_zero_at_simultaneous_spikes" time="0.001" /><testcase classname="tests.test_stdp.TestSTDPNumericalStability" name="test_stdp_forward_pass_through" time="0.001" /><testcase classname="tests.test_stdp.TestSTDPNumericalStability" name="test_stdp_no_nan_for_large_time_diff" time="0.001" /><testcase classname="tests.test_stdp.TestSTDPNumericalStability" name="test_stdp_batch_processing" time="0.001" /><testcase classname="tests.test_training_integration.TestTrainingConvergence" name="test_xor_problem_convergence" time="0.861" /><testcase classname="tests.test_training_integration.TestTrainingConvergence" name="test_linear_regression_convergence" time="0.373" /><testcase classname="tests.test_training_integration.TestTrainingConvergence" name="test_batch_training_consistency" time="0.083" /><testcase classname="tests.test_training_integration.TestDeterministicTraining" name="test_deterministic_training_same_seed" time="0.030" /><testcase classname="tests.test_training_integration.TestDeterministicTraining" name="test_different_seeds_produce_different_results" time="0.030" /><testcase classname="tests.test_training_integration.TestGradientFlow" name="test_gradient_flow_all_parameters" time="0.003" /><testcase classname="tests.test_training_integration.TestGradientFlow" name="test_gradient_magnitudes_reasonable" time="0.004" /><testcase classname="tests.test_training_integration.TestGradientFlow" name="test_input_gradient_exists" time="0.003" /><testcase classname="tests.test_training_integration.TestLossBehavior" name="test_loss_decreases_on_simple_data" time="0.184" /><testcase classname="tests.test_training_integration.TestLossBehavior" name="test_loss_is_non_negative" time="0.006" /><testcase classname="tests.test_training_integration.TestModelConfigurations" name="test_training_without_sparse_attention" time="0.051" /><testcase classname="tests.test_training_integration.TestModelConfigurations" name="test_training_without_stdp" time="0.093" /><testcase classname="tests.test_training_integration.TestModelConfigurations" name="test_training_minimal_configuration" time="0.050" /><testcase classname="tests.test_training_integration.TestOptimizers" name="test_various_optimizers[SGD]" time="0.027" /><testcase classname="tests.test_training_integration.TestOptimizers" name="test_various_optimizers[Adam]" time="0.039" /><testcase classname="tests.test_training_integration.TestOptimizers" name="test_various_optimizers[AdamW]" time="0.041" /><testcase classname="tests.test_training_integration.TestOptimizers" name="test_various_optimizers[RMSprop]" time="0.035" /><testcase classname="tests.test_training_integration.TestLearningRates" name="test_various_learning_rates[0.001]" time="0.039" /><testcase classname="tests.test_training_integration.TestLearningRates" name="test_various_learning_rates[0.01]" time="0.039" /><testcase classname="tests.test_training_integration.TestLearningRates" name="test_various_learning_rates[0.1]" time="0.040" /><testcase classname="tests.test_training_integration.TestTrainStepMethod" name="test_train_step_returns_float" time="0.004" /><testcase classname="tests.test_training_integration.TestTrainStepMethod" name="test_train_step_updates_parameters" time="0.005" /><testcase classname="tests.test_training_integration.TestTrainStepMethod" name="test_multiple_train_steps" time="0.020" /><testcase classname="tests.test_types_module.test_dataset_types.TestDatasetRow" name="test_create_valid_row" time="0.001" /><testcase classname="tests.test_types_module.test_dataset_types.TestDatasetRow" name="test_create_with_features" time="0.001" /><testcase classname="tests.test_types_module.test_dataset_types.TestDatasetRow" name="test_to_dict" time="0.001" /><testcase classname="tests.test_types_module.test_dataset_types.TestDatasetRow" name="test_from_dict" time="0.001" /><testcase classname="tests.test_types_module.test_dataset_types.TestDatasetRow" name="test_feature_array" time="0.001" /><testcase classname="tests.test_types_module.test_dataset_types.TestDatasetRow" name="test_unknown_feature_raises" time="0.001" /><testcase classname="tests.test_types_module.test_dataset_types.TestDatasetRow" name="test_validation_sim_id" time="0.002" /><testcase classname="tests.test_types_module.test_dataset_types.TestDatasetRow" name="test_validation_grid_size" time="0.002" /><testcase classname="tests.test_types_module.test_dataset_types.TestDatasetRow" name="test_validation_alpha" time="0.001" /><testcase classname="tests.test_types_module.test_dataset_types.TestDatasetColumns" name="test_simulation_param_columns" time="0.001" /><testcase classname="tests.test_types_module.test_dataset_types.TestDatasetColumns" name="test_simulation_meta_columns" time="0.001" /><testcase classname="tests.test_types_module.test_dataset_types.TestDatasetColumns" name="test_feature_names_count" time="0.001" /><testcase classname="tests.test_types_module.test_dataset_types.TestDatasetColumns" name="test_all_columns_order" time="0.001" /><testcase classname="tests.test_types_module.test_dataset_types.TestDatasetStats" name="test_has_expected_features" time="0.001" /><testcase classname="tests.test_types_module.test_dataset_types.TestDatasetStats" name="test_to_dict" time="0.001" /><testcase classname="tests.test_types_module.test_dataset_types.TestDatasetStats" name="test_from_dataframe" time="0.002" /><testcase classname="tests.test_types_module.test_feature_types.TestFeatureNames" name="test_feature_count" time="0.001" /><testcase classname="tests.test_types_module.test_feature_types.TestFeatureNames" name="test_feature_names_order" time="0.001" /><testcase classname="tests.test_types_module.test_feature_types.TestFeatureNames" name="test_no_duplicate_names" time="0.001" /><testcase classname="tests.test_types_module.test_feature_types.TestFeatureVector" name="test_create_default" time="0.001" /><testcase classname="tests.test_types_module.test_feature_types.TestFeatureVector" name="test_create_with_values" time="0.001" /><testcase classname="tests.test_types_module.test_feature_types.TestFeatureVector" name="test_to_dict" time="0.001" /><testcase classname="tests.test_types_module.test_feature_types.TestFeatureVector" name="test_to_array" time="0.001" /><testcase classname="tests.test_types_module.test_feature_types.TestFeatureVector" name="test_from_array" time="0.001" /><testcase classname="tests.test_types_module.test_feature_types.TestFeatureVector" name="test_from_array_wrong_length" time="0.002" /><testcase classname="tests.test_types_module.test_feature_types.TestFeatureVector" name="test_feature_names_method" time="0.001" /><testcase classname="tests.test_types_module.test_feature_types.TestFeatureVector" name="test_roundtrip_array" time="0.001" /><testcase classname="tests.test_types_module.test_feature_types.TestFeatureVector" name="test_roundtrip_dict" time="0.001" /><testcase classname="tests.test_types_module.test_feature_types.TestFeatureVectorValidation" name="test_no_nan_in_array" time="0.001" /><testcase classname="tests.test_types_module.test_feature_types.TestFeatureVectorValidation" name="test_no_inf_in_array" time="0.001" /><testcase classname="tests.test_types_module.test_field_types.TestGridShape" name="test_create_square_grid" time="0.001" /><testcase classname="tests.test_types_module.test_field_types.TestGridShape" name="test_create_rectangular_grid" time="0.001" /><testcase classname="tests.test_types_module.test_field_types.TestGridShape" name="test_rectangular_size_raises" time="0.002" /><testcase classname="tests.test_types_module.test_field_types.TestGridShape" name="test_to_tuple" time="0.001" /><testcase classname="tests.test_types_module.test_field_types.TestGridShape" name="test_invalid_dimensions" time="0.002" /><testcase classname="tests.test_types_module.test_field_types.TestGridShape" name="test_frozen" time="0.001" /><testcase classname="tests.test_types_module.test_field_types.TestFieldState" name="test_create_valid_field" time="0.001" /><testcase classname="tests.test_types_module.test_field_types.TestFieldState" name="test_field_statistics" time="0.001" /><testcase classname="tests.test_types_module.test_field_types.TestFieldState" name="test_to_binary" time="0.001" /><testcase classname="tests.test_types_module.test_field_types.TestFieldState" name="test_to_dict" time="0.001" /><testcase classname="tests.test_types_module.test_field_types.TestFieldState" name="test_boundary_condition" time="0.001" /><testcase classname="tests.test_types_module.test_field_types.TestFieldState" name="test_invalid_dimensions" time="0.002" /><testcase classname="tests.test_types_module.test_field_types.TestFieldState" name="test_nan_rejected" time="0.001" /><testcase classname="tests.test_types_module.test_field_types.TestFieldState" name="test_inf_rejected" time="0.001" /><testcase classname="tests.test_types_module.test_field_types.TestFieldHistory" name="test_create_valid_history" time="0.001" /><testcase classname="tests.test_types_module.test_field_types.TestFieldHistory" name="test_get_frame" time="0.001" /><testcase classname="tests.test_types_module.test_field_types.TestFieldHistory" name="test_initial_and_final_state" time="0.001" /><testcase classname="tests.test_types_module.test_field_types.TestFieldHistory" name="test_frame_index_bounds" time="0.001" /><testcase classname="tests.test_types_module.test_field_types.TestFieldHistory" name="test_invalid_dimensions" time="0.004" /><testcase classname="tests.test_types_module.test_field_types.TestFieldHistory" name="test_to_dict" time="0.001" /><testcase classname="tests.test_types_module.test_field_types.TestBoundaryCondition" name="test_values" time="0.001" /><testcase classname="tests.test_types_module.test_field_types.TestBoundaryCondition" name="test_string_conversion" time="0.001" /><testcase classname="tests.test_types_module.test_simulation_types.TestSimulationConfig" name="test_create_default" time="0.001" /><testcase classname="tests.test_types_module.test_simulation_types.TestSimulationConfig" name="test_create_with_values" time="0.001" /><testcase classname="tests.test_types_module.test_simulation_types.TestSimulationConfig" name="test_to_dict" time="0.001" /><testcase classname="tests.test_types_module.test_simulation_types.TestSimulationConfig" name="test_from_dict" time="0.001" /><testcase classname="tests.test_types_module.test_simulation_types.TestSimulationConfig" name="test_from_dict_with_defaults" time="0.001" /><testcase classname="tests.test_types_module.test_simulation_types.TestSimulationConfig" name="test_from_dict_parses_bool_strings" time="0.001" /><testcase classname="tests.test_types_module.test_simulation_types.TestSimulationConfig" name="test_from_dict_handles_empty_seed" time="0.001" /><testcase classname="tests.test_types_module.test_simulation_types.TestSimulationConfig" name="test_roundtrip_dict" time="0.001" /><testcase classname="tests.test_types_module.test_simulation_types.TestSimulationConfig" name="test_validation_grid_size" time="0.001" /><testcase classname="tests.test_types_module.test_simulation_types.TestSimulationConfig" name="test_validation_steps" time="0.001" /><testcase classname="tests.test_types_module.test_simulation_types.TestSimulationConfig" name="test_validation_alpha_cfl" time="0.001" /><testcase classname="tests.test_types_module.test_simulation_types.TestSimulationConfig" name="test_validation_alpha_positive" time="0.001" /><testcase classname="tests.test_types_module.test_simulation_types.TestSimulationResult" name="test_create_minimal" time="0.001" /><testcase classname="tests.test_types_module.test_simulation_types.TestSimulationResult" name="test_create_with_history" time="0.001" /><testcase classname="tests.test_types_module.test_simulation_types.TestSimulationResult" name="test_create_with_metadata" time="0.001" /><testcase classname="tests.test_types_module.test_simulation_types.TestSimulationResult" name="test_to_dict_without_arrays" time="0.001" /><testcase classname="tests.test_types_module.test_simulation_types.TestSimulationResult" name="test_num_steps_falls_back_to_config_metadata" time="0.001" /><testcase classname="tests.test_types_module.test_simulation_types.TestSimulationResult" name="test_to_dict_with_arrays" time="0.001" /><testcase classname="tests.test_types_module.test_simulation_types.TestSimulationResult" name="test_to_dict_field_statistics" time="0.001" /><testcase classname="tests.test_types_module.test_simulation_types.TestSimulationResult" name="test_from_dict" time="0.001" /><testcase classname="tests.test_types_module.test_simulation_types.TestSimulationResult" name="test_from_dict_with_history" time="0.001" /><testcase classname="tests.test_types_module.test_simulation_types.TestSimulationResult" name="test_from_dict_missing_field_raises" time="0.002" /><testcase classname="tests.test_types_module.test_simulation_types.TestSimulationResult" name="test_roundtrip_dict" time="0.001" /><testcase classname="tests.test_types_module.test_simulation_types.TestSimulationResult" name="test_validation_field_2d" time="0.002" /><testcase classname="tests.test_types_module.test_simulation_types.TestSimulationResult" name="test_validation_field_square" time="0.001" /><testcase classname="tests.test_types_module.test_simulation_types.TestSimulationResult" name="test_validation_history_3d" time="0.002" /><testcase classname="tests.test_types_module.test_simulation_types.TestSimulationResult" name="test_validation_history_dimensions_match" time="0.002" /><testcase classname="tests.test_types_module.test_simulation_types.TestSimulationResult" name="test_validation_no_nan" time="0.001" /><testcase classname="tests.test_types_module.test_simulation_types.TestSimulationResult" name="test_validation_no_inf" time="0.001" /><testcase classname="tests.test_types_module.test_simulation_types.TestSimulationResult" name="test_validation_history_no_nan" time="0.001" /><testcase classname="tests.test_types_module.test_simulation_types.TestSimulationResult" name="test_validation_history_no_inf" time="0.001" /><testcase classname="tests.test_types_module.test_simulation_types.TestSimulationTypesIntegration" name="test_config_to_result_workflow" time="0.001" /><testcase classname="tests.test_types_module.test_simulation_types.TestSimulationTypesIntegration" name="test_types_exported_from_types_module" time="0.001" /><testcase classname="tests.test_validation_cycle" name="test_validation_cycle_produces_metrics" time="0.147" /><testcase classname="tests.validation.test_model_falsification.TestControlScenarios" name="test_stability_diffusion_only" time="0.019" /><testcase classname="tests.validation.test_model_falsification.TestControlScenarios" name="test_growth_with_spikes" time="0.008" /><testcase classname="tests.validation.test_model_falsification.TestControlScenarios" name="test_turing_pattern_formation" time="0.068" /><testcase classname="tests.validation.test_model_falsification.TestControlScenarios" name="test_quantum_jitter_stability" time="0.115" /><testcase classname="tests.validation.test_model_falsification.TestControlScenarios" name="test_extreme_diffusion_stability" time="0.008" /><testcase classname="tests.validation.test_model_falsification.TestControlScenarios" name="test_long_simulation_stability" time="0.229" /><testcase classname="tests.validation.test_model_falsification.TestCoreInvariants" name="test_nernst_physical_bounds" time="0.001" /><testcase classname="tests.validation.test_model_falsification.TestCoreInvariants" name="test_field_clamping_enforced" time="0.118" /><testcase classname="tests.validation.test_model_falsification.TestCoreInvariants" name="test_ifs_contraction_guaranteed" time="0.198" /><testcase classname="tests.validation.test_model_falsification.TestCoreInvariants" name="test_fractal_dimension_bounds" time="0.027" /><testcase classname="tests.validation.test_model_falsification.TestCoreInvariants" name="test_reproducibility" time="0.079" /><testcase classname="tests.validation.test_model_falsification.TestFeatureDiscrimination" name="test_turing_vs_no_turing_discrimination" time="0.352" /><testcase classname="tests.validation.test_model_falsification.TestFeatureDiscrimination" name="test_high_vs_low_activity_discrimination" time="0.053" /><testcase classname="tests.validation.test_model_falsification.TestFalsificationSignals" name="test_diffusion_smoothing_effect" time="0.007" /><testcase classname="tests.validation.test_model_falsification.TestFalsificationSignals" name="test_nernst_sign_consistency" time="0.001" /><testcase classname="tests.validation.test_model_falsification.TestFalsificationSignals" name="test_ifs_bounded_attractor" time="0.040" /><testcase classname="tests.validation.test_model_falsification.TestFalsificationSignals" name="test_cfl_stability_boundary" time="0.043" /><testcase classname="tests.validation.test_model_falsification.TestDatasetRegimeDiscrimination" name="test_minimal_dataset_generation" time="0.385" /></testsuite></testsuites>